<?xml version="1.0" encoding="UTF-8"?>
<testsuite name="com.composure.arch.InteractorTest" tests="2" skipped="0" failures="0" errors="0" timestamp="2026-03-08T17:17:36.809Z" hostname="Reids-MacBook-Air.local" time="0.069">
  <properties/>
  <testcase name="when upstream value is supplied interactor transforms to downstream value" classname="com.composure.arch.InteractorTest" time="0.035"/>
  <testcase name="when events are asynchronous stream is not blocked" classname="com.composure.arch.InteractorTest" time="0.032"/>
  <system-out><![CDATA[]]></system-out>
  <system-err><![CDATA[]]></system-err>
</testsuite>
